0 info it worked if it ends with ok
1 verbose cli [ 'D:\\古月新\\js\\node.exe',
1 verbose cli   'D:\\古月新\\js\\node_modules\\npm\\bin\\npm-cli.js',
1 verbose cli   'start' ]
2 info using npm@3.10.10
3 info using node@v6.11.0
4 verbose run-script [ 'prestart', 'start', 'poststart' ]
5 info lifecycle maoyan@0.0.0~prestart: maoyan@0.0.0
6 silly lifecycle maoyan@0.0.0~prestart: no script for prestart, continuing
7 info lifecycle maoyan@0.0.0~start: maoyan@0.0.0
8 verbose lifecycle maoyan@0.0.0~start: unsafe-perm in lifecycle true
9 verbose lifecycle maoyan@0.0.0~start: PATH: D:\古月新\js\node_modules\npm\bin\node-gyp-bin;C:\Users\Administrator\Desktop\movie_2018\maoyan\node_modules\.bin;C:\windows\system32;C:\windows;C:\windows\System32\Wbem;C:\windows\System32\WindowsPowerShell\v1.0\;C:\Program Files (x86)\ATI Technologies\ATI.ACE\Core-Static;d:\Program Files\MATLAB\R2010b\runtime\win64;d:\Program Files\MATLAB\R2010b\bin;d:\mongodb\bin;D:\古月新\js\;C:\Program Files\TortoiseSVN\bin;;D:\古月新\js\Microsoft VS Code\bin;C:\Users\Administrator\AppData\Roaming\npm
10 verbose lifecycle maoyan@0.0.0~start: CWD: C:\Users\Administrator\Desktop\movie_2018\maoyan
11 silly lifecycle maoyan@0.0.0~start: Args: [ '/d /s /c', 'node ./bin/www' ]
12 verbose stack Error: kill ENOSYS
12 verbose stack     at exports._errnoException (util.js:1018:11)
12 verbose stack     at process.kill (internal/process.js:190:13)
12 verbose stack     at process.listener (D:\古月新\js\node_modules\npm\node_modules\npmlog\node_modules\gauge\node_modules\signal-exit\index.js:86:15)
12 verbose stack     at emitNone (events.js:91:20)
12 verbose stack     at process.emit (events.js:185:7)
12 verbose stack     at processEmit (D:\古月新\js\node_modules\npm\node_modules\npmlog\node_modules\gauge\node_modules\signal-exit\index.js:146:32)
12 verbose stack     at processEmit (D:\古月新\js\node_modules\npm\node_modules\npm-registry-client\node_modules\npmlog\node_modules\gauge\node_modules\signal-exit\index.js:146:32)
12 verbose stack     at Signal.wrap.onsignal (internal/process.js:217:44)
13 verbose cwd C:\Users\Administrator\Desktop\movie_2018\maoyan
14 error Windows_NT 6.1.7601
15 error argv "D:\\古月新\\js\\node.exe" "D:\\古月新\\js\\node_modules\\npm\\bin\\npm-cli.js" "start"
16 error node v6.11.0
17 error npm  v3.10.10
18 error code ENOSYS
19 error errno ENOSYS
20 error syscall kill
21 error kill ENOSYS
22 error If you need help, you may report this error at:
22 error     <https://github.com/npm/npm/issues>
23 verbose exit [ 1, true ]
